<?xml version="1.0" encoding="UTF-8"?>
<!-- Generated by org.testng.reporters.JUnitReportReporter -->
<testsuite hostname="SUNNY" failures="0" tests="5" name="testCases.TC003_LoginDDT" time="23.201" errors="0" timestamp="2025-09-07T18:32:02 IST" skipped="0">
  <testcase classname="testCases.TC003_LoginDDT" name="verify_loginDDT" time="2.542"/>
  <testcase classname="testCases.TC003_LoginDDT" name="verify_loginDDT" time="3.707"/>
  <testcase classname="testCases.TC003_LoginDDT" name="verify_loginDDT" time="2.186"/>
  <testcase classname="testCases.TC003_LoginDDT" name="verify_loginDDT" time="2.881"/>
  <testcase classname="testCases.TC003_LoginDDT" name="verify_loginDDT" time="11.885"/>
</testsuite> <!-- testCases.TC003_LoginDDT -->
