<?xml version="1.0" encoding="UTF-8"?>
<!-- Generated by org.testng.reporters.JUnitReportReporter -->
<testsuite hostname="SUNNY" failures="0" tests="1" name="testCases.TC002_AccountLogin" time="3.558" errors="0" timestamp="2025-09-23T01:02:21 IST" skipped="0">
  <testcase classname="testCases.TC002_AccountLogin" name="verifyLogin" time="3.558"/>
</testsuite> <!-- testCases.TC002_AccountLogin -->
